-------------------------------------------------------------------------------
Test set: com.javatpoint.SpringBootH2DatabaseExampleApplicationTests
-------------------------------------------------------------------------------
Tests run: 1, Failures: 0, Errors: 1, Skipped: 0, Time elapsed: 4.292 s <<< FAILURE! - in com.javatpoint.SpringBootH2DatabaseExampleApplicationTests
contextLoads  Time elapsed: 0.036 s  <<< ERROR!
java.lang.IllegalStateException: Failed to load ApplicationContext
Caused by: org.springframework.beans.factory.UnsatisfiedDependencyException: 
Error creating bean with name 'org.springframework.boot.autoconfigure.orm.jpa.HibernateJpaConfiguration': Unsatisfied dependency expressed through constructor parameter 0; nested exception is org.springframework.beans.factory.BeanCreationException: Error creating bean with name 'dataSource' defined in class path resource [org/springframework/boot/autoconfigure/jdbc/DataSourceConfiguration$Hikari.class]: Initialization of bean failed; nested exception is org.springframework.beans.factory.BeanCreationException: Error creating bean with name 'org.springframework.boot.autoconfigure.jdbc.DataSourceInitializerInvoker': Invocation of init method failed; nested exception is org.springframework.jdbc.datasource.init.ScriptStatementFailedException: Failed to execute SQL script statement #1 of URL [file:/C:/Users/Admin/Downloads/spring-boot-h2-database-example/target/classes/data.sql]: INSERT INTO STUDENT (id,age,firstname,lastname)values(20,17,'shree','jshd','shrdfg@gmail.com'),(30,27,'gund','dhsgd','shfd@gmail.com'); nested exception is org.h2.jdbc.JdbcSQLSyntaxErrorException: Column count does not match; SQL statement:
INSERT INTO STUDENT (id,age,firstname,lastname)values(20,17,'shree','jshd','shrdfg@gmail.com'),(30,27,'gund','dhsgd','shfd@gmail.com') [21002-200]
Caused by: org.springframework.beans.factory.BeanCreationException: 
Error creating bean with name 'dataSource' defined in class path resource [org/springframework/boot/autoconfigure/jdbc/DataSourceConfiguration$Hikari.class]: Initialization of bean failed; nested exception is org.springframework.beans.factory.BeanCreationException: Error creating bean with name 'org.springframework.boot.autoconfigure.jdbc.DataSourceInitializerInvoker': Invocation of init method failed; nested exception is org.springframework.jdbc.datasource.init.ScriptStatementFailedException: Failed to execute SQL script statement #1 of URL [file:/C:/Users/Admin/Downloads/spring-boot-h2-database-example/target/classes/data.sql]: INSERT INTO STUDENT (id,age,firstname,lastname)values(20,17,'shree','jshd','shrdfg@gmail.com'),(30,27,'gund','dhsgd','shfd@gmail.com'); nested exception is org.h2.jdbc.JdbcSQLSyntaxErrorException: Column count does not match; SQL statement:
INSERT INTO STUDENT (id,age,firstname,lastname)values(20,17,'shree','jshd','shrdfg@gmail.com'),(30,27,'gund','dhsgd','shfd@gmail.com') [21002-200]
Caused by: org.springframework.beans.factory.BeanCreationException: 
Error creating bean with name 'org.springframework.boot.autoconfigure.jdbc.DataSourceInitializerInvoker': Invocation of init method failed; nested exception is org.springframework.jdbc.datasource.init.ScriptStatementFailedException: Failed to execute SQL script statement #1 of URL [file:/C:/Users/Admin/Downloads/spring-boot-h2-database-example/target/classes/data.sql]: INSERT INTO STUDENT (id,age,firstname,lastname)values(20,17,'shree','jshd','shrdfg@gmail.com'),(30,27,'gund','dhsgd','shfd@gmail.com'); nested exception is org.h2.jdbc.JdbcSQLSyntaxErrorException: Column count does not match; SQL statement:
INSERT INTO STUDENT (id,age,firstname,lastname)values(20,17,'shree','jshd','shrdfg@gmail.com'),(30,27,'gund','dhsgd','shfd@gmail.com') [21002-200]
Caused by: org.springframework.jdbc.datasource.init.ScriptStatementFailedException: 
Failed to execute SQL script statement #1 of URL [file:/C:/Users/Admin/Downloads/spring-boot-h2-database-example/target/classes/data.sql]: INSERT INTO STUDENT (id,age,firstname,lastname)values(20,17,'shree','jshd','shrdfg@gmail.com'),(30,27,'gund','dhsgd','shfd@gmail.com'); nested exception is org.h2.jdbc.JdbcSQLSyntaxErrorException: Column count does not match; SQL statement:
INSERT INTO STUDENT (id,age,firstname,lastname)values(20,17,'shree','jshd','shrdfg@gmail.com'),(30,27,'gund','dhsgd','shfd@gmail.com') [21002-200]
Caused by: org.h2.jdbc.JdbcSQLSyntaxErrorException: 
Column count does not match; SQL statement:
INSERT INTO STUDENT (id,age,firstname,lastname)values(20,17,'shree','jshd','shrdfg@gmail.com'),(30,27,'gund','dhsgd','shfd@gmail.com') [21002-200]

